<?xml version="1.0" encoding="UTF-8"?>
<testsuite name="com.cpoa.td1.TestHello" tests="1" skipped="0" failures="0" errors="0" timestamp="2020-10-20T19:26:07" hostname="MacBookPro-JMB.home" time="0.014">
  <properties/>
  <testcase name="testHelloWorld()" classname="com.cpoa.td1.TestHello" time="0.014"/>
  <system-out><![CDATA[]]></system-out>
  <system-err><![CDATA[]]></system-err>
</testsuite>
